<?xml version="1.0" encoding="UTF-8"?>
<testng-results skipped="0" failed="0" total="1" passed="1">
  <reporter-output>
  </reporter-output>
  <suite name="BLR_Analytics" duration-ms="6614" started-at="2019-06-07T11:02:13Z" finished-at="2019-06-07T11:02:20Z">
    <groups>
    </groups>
    <test name="Login" duration-ms="6614" started-at="2019-06-07T11:02:13Z" finished-at="2019-06-07T11:02:20Z">
      <class name="guru99.gittest.AppTest">
        <test-method status="PASS" signature="guru99tutorials()[pri:0, instance:guru99.gittest.AppTest@35bbe5e8]" name="guru99tutorials" duration-ms="6606" started-at="2019-06-07T16:32:13Z" finished-at="2019-06-07T16:32:20Z">
          <reporter-output>
          </reporter-output>
        </test-method> <!-- guru99tutorials -->
      </class> <!-- guru99.gittest.AppTest -->
    </test> <!-- Login -->
  </suite> <!-- BLR_Analytics -->
</testng-results>
